2021-08-26 16:28:15,710 [main] INFO  c.d.a.StudentProjectApplication                    - Starting StudentProjectApplication using Java 15.0.2 on DESKTOP-HBO4V82 with PID 7124 (C:\Users\ThinkPro\Documents\EclipseProjects\StudentProject\target\classes started by ThinkPro in C:\Users\ThinkPro\Documents\EclipseProjects\StudentProject) 
2021-08-26 16:28:15,720 [main] INFO  c.d.a.StudentProjectApplication                    - No active profile set, falling back to default profiles: default 
2021-08-26 16:28:16,551 [main] INFO  o.s.d.r.c.RepositoryConfigurationDelegate          - Bootstrapping Spring Data JPA repositories in DEFAULT mode. 
2021-08-26 16:28:16,637 [main] INFO  o.s.d.r.c.RepositoryConfigurationDelegate          - Finished Spring Data repository scanning in 76 ms. Found 4 JPA repository interfaces. 
2021-08-26 16:28:17,303 [main] INFO  o.s.b.w.e.t.TomcatWebServer                        - Tomcat initialized with port(s): 8080 (http) 
2021-08-26 16:28:17,318 [main] INFO  o.a.c.h.Http11NioProtocol                          - Initializing ProtocolHandler ["http-nio-8080"] 
2021-08-26 16:28:17,319 [main] INFO  o.a.c.c.StandardService                            - Starting service [Tomcat] 
2021-08-26 16:28:17,319 [main] INFO  o.a.c.c.StandardEngine                             - Starting Servlet engine: [Apache Tomcat/9.0.48] 
2021-08-26 16:28:17,503 [main] INFO  o.a.c.c.C.[.[.[/]                                  - Initializing Spring embedded WebApplicationContext 
2021-08-26 16:28:17,503 [main] INFO  o.s.b.w.s.c.ServletWebServerApplicationContext     - Root WebApplicationContext: initialization completed in 1727 ms 
2021-08-26 16:28:17,770 [main] INFO  o.h.j.i.u.LogHelper                                - HHH000204: Processing PersistenceUnitInfo [name: default] 
2021-08-26 16:28:17,856 [main] INFO  o.h.Version                                        - HHH000412: Hibernate ORM core version 5.4.32.Final 
2021-08-26 16:28:18,021 [main] INFO  o.h.a.c.Version                                    - HCANN000001: Hibernate Commons Annotations {5.1.2.Final} 
2021-08-26 16:28:18,154 [main] INFO  c.z.h.HikariDataSource                             - HikariPool-1 - Starting... 
2021-08-26 16:28:18,542 [main] INFO  c.z.h.HikariDataSource                             - HikariPool-1 - Start completed. 
2021-08-26 16:28:18,562 [main] INFO  o.h.d.Dialect                                      - HHH000400: Using dialect: org.hibernate.dialect.MySQL5InnoDBDialect 
2021-08-26 16:28:19,543 [main] INFO  o.h.e.t.j.p.i.JtaPlatformInitiator                 - HHH000490: Using JtaPlatform implementation: [org.hibernate.engine.transaction.jta.platform.internal.NoJtaPlatform] 
2021-08-26 16:28:19,553 [main] INFO  o.s.o.j.LocalContainerEntityManagerFactoryBean     - Initialized JPA EntityManagerFactory for persistence unit 'default' 
2021-08-26 16:28:19,599 [main] WARN  o.s.b.a.o.j.JpaBaseConfiguration$JpaWebConfiguration - spring.jpa.open-in-view is enabled by default. Therefore, database queries may be performed during view rendering. Explicitly configure spring.jpa.open-in-view to disable this warning 
2021-08-26 16:28:20,225 [main] INFO  o.s.s.w.DefaultSecurityFilterChain                 - Will secure any request with [org.springframework.security.web.context.request.async.WebAsyncManagerIntegrationFilter@7603cfc2, org.springframework.security.web.context.SecurityContextPersistenceFilter@2cf669f2, org.springframework.security.web.header.HeaderWriterFilter@6905d030, org.springframework.security.web.csrf.CsrfFilter@519eab1e, org.springframework.security.web.authentication.logout.LogoutFilter@3ba815ee, org.springframework.security.web.authentication.UsernamePasswordAuthenticationFilter@15254569, org.springframework.security.web.savedrequest.RequestCacheAwareFilter@3fe11091, org.springframework.security.web.servletapi.SecurityContextHolderAwareRequestFilter@7699e60a, org.springframework.security.web.authentication.AnonymousAuthenticationFilter@60256d1b, org.springframework.security.web.session.SessionManagementFilter@3bc33ad9, org.springframework.security.web.access.ExceptionTranslationFilter@240f712e, org.springframework.security.web.access.intercept.FilterSecurityInterceptor@6bbb3280] 
2021-08-26 16:28:20,597 [main] INFO  o.a.c.h.Http11NioProtocol                          - Starting ProtocolHandler ["http-nio-8080"] 
2021-08-26 16:28:20,632 [main] INFO  o.s.b.w.e.t.TomcatWebServer                        - Tomcat started on port(s): 8080 (http) with context path '' 
2021-08-26 16:28:20,641 [main] INFO  c.d.a.StudentProjectApplication                    - Started StudentProjectApplication in 5.34 seconds (JVM running for 6.725) 
2021-08-26 16:28:39,783 [RMI TCP Connection(2)-127.0.0.1] INFO  o.s.b.a.SpringApplicationAdminMXBeanRegistrar$SpringApplicationAdmin - Application shutdown requested. 
2021-08-26 16:28:39,816 [RMI TCP Connection(2)-127.0.0.1] INFO  o.s.o.j.LocalContainerEntityManagerFactoryBean     - Closing JPA EntityManagerFactory for persistence unit 'default' 
2021-08-26 16:28:39,818 [RMI TCP Connection(2)-127.0.0.1] INFO  c.z.h.HikariDataSource                             - HikariPool-1 - Shutdown initiated... 
2021-08-26 16:28:39,827 [RMI TCP Connection(2)-127.0.0.1] INFO  c.z.h.HikariDataSource                             - HikariPool-1 - Shutdown completed. 
2021-08-26 16:28:48,887 [main] INFO  c.d.a.StudentProjectApplication                    - Starting StudentProjectApplication using Java 15.0.2 on DESKTOP-HBO4V82 with PID 16360 (C:\Users\ThinkPro\Documents\EclipseProjects\StudentProject\target\classes started by ThinkPro in C:\Users\ThinkPro\Documents\EclipseProjects\StudentProject) 
2021-08-26 16:28:48,900 [main] INFO  c.d.a.StudentProjectApplication                    - No active profile set, falling back to default profiles: default 
2021-08-26 16:28:49,688 [main] INFO  o.s.d.r.c.RepositoryConfigurationDelegate          - Bootstrapping Spring Data JPA repositories in DEFAULT mode. 
2021-08-26 16:28:49,769 [main] INFO  o.s.d.r.c.RepositoryConfigurationDelegate          - Finished Spring Data repository scanning in 71 ms. Found 4 JPA repository interfaces. 
2021-08-26 16:28:50,473 [main] INFO  o.s.b.w.e.t.TomcatWebServer                        - Tomcat initialized with port(s): 8080 (http) 
2021-08-26 16:28:50,488 [main] INFO  o.a.c.h.Http11NioProtocol                          - Initializing ProtocolHandler ["http-nio-8080"] 
2021-08-26 16:28:50,489 [main] INFO  o.a.c.c.StandardService                            - Starting service [Tomcat] 
2021-08-26 16:28:50,490 [main] INFO  o.a.c.c.StandardEngine                             - Starting Servlet engine: [Apache Tomcat/9.0.48] 
2021-08-26 16:28:50,685 [main] INFO  o.a.c.c.C.[.[.[/]                                  - Initializing Spring embedded WebApplicationContext 
2021-08-26 16:28:50,686 [main] INFO  o.s.b.w.s.c.ServletWebServerApplicationContext     - Root WebApplicationContext: initialization completed in 1735 ms 
2021-08-26 16:28:50,894 [main] INFO  o.h.j.i.u.LogHelper                                - HHH000204: Processing PersistenceUnitInfo [name: default] 
2021-08-26 16:28:50,949 [main] INFO  o.h.Version                                        - HHH000412: Hibernate ORM core version 5.4.32.Final 
2021-08-26 16:28:51,104 [main] INFO  o.h.a.c.Version                                    - HCANN000001: Hibernate Commons Annotations {5.1.2.Final} 
2021-08-26 16:28:51,219 [main] INFO  c.z.h.HikariDataSource                             - HikariPool-1 - Starting... 
2021-08-26 16:28:51,597 [main] INFO  c.z.h.HikariDataSource                             - HikariPool-1 - Start completed. 
2021-08-26 16:28:51,614 [main] INFO  o.h.d.Dialect                                      - HHH000400: Using dialect: org.hibernate.dialect.MySQL5InnoDBDialect 
2021-08-26 16:28:52,517 [main] INFO  o.h.e.t.j.p.i.JtaPlatformInitiator                 - HHH000490: Using JtaPlatform implementation: [org.hibernate.engine.transaction.jta.platform.internal.NoJtaPlatform] 
2021-08-26 16:28:52,526 [main] INFO  o.s.o.j.LocalContainerEntityManagerFactoryBean     - Initialized JPA EntityManagerFactory for persistence unit 'default' 
2021-08-26 16:28:52,572 [main] WARN  o.s.b.a.o.j.JpaBaseConfiguration$JpaWebConfiguration - spring.jpa.open-in-view is enabled by default. Therefore, database queries may be performed during view rendering. Explicitly configure spring.jpa.open-in-view to disable this warning 
2021-08-26 16:28:53,169 [main] INFO  o.s.s.w.DefaultSecurityFilterChain                 - Will secure any request with [org.springframework.security.web.context.request.async.WebAsyncManagerIntegrationFilter@69c6e5, org.springframework.security.web.context.SecurityContextPersistenceFilter@2a15bbf3, org.springframework.security.web.header.HeaderWriterFilter@147c4523, org.springframework.security.web.csrf.CsrfFilter@586b78d7, org.springframework.security.web.authentication.logout.LogoutFilter@4be5b9b1, org.springframework.security.web.authentication.UsernamePasswordAuthenticationFilter@7a6b214c, org.springframework.security.web.savedrequest.RequestCacheAwareFilter@5b4b6f3b, org.springframework.security.web.servletapi.SecurityContextHolderAwareRequestFilter@396519b, org.springframework.security.web.authentication.AnonymousAuthenticationFilter@6e53bb4f, org.springframework.security.web.session.SessionManagementFilter@760d6350, org.springframework.security.web.access.ExceptionTranslationFilter@14d6ede3, org.springframework.security.web.access.intercept.FilterSecurityInterceptor@71c74011] 
2021-08-26 16:28:53,551 [main] INFO  o.a.c.h.Http11NioProtocol                          - Starting ProtocolHandler ["http-nio-8080"] 
2021-08-26 16:28:53,579 [main] INFO  o.s.b.w.e.t.TomcatWebServer                        - Tomcat started on port(s): 8080 (http) with context path '' 
2021-08-26 16:28:53,588 [main] INFO  c.d.a.StudentProjectApplication                    - Started StudentProjectApplication in 5.131 seconds (JVM running for 6.423) 
2021-08-26 16:29:10,621 [RMI TCP Connection(2)-127.0.0.1] INFO  o.s.b.a.SpringApplicationAdminMXBeanRegistrar$SpringApplicationAdmin - Application shutdown requested. 
2021-08-26 16:29:10,653 [RMI TCP Connection(2)-127.0.0.1] INFO  o.s.o.j.LocalContainerEntityManagerFactoryBean     - Closing JPA EntityManagerFactory for persistence unit 'default' 
2021-08-26 16:29:10,655 [RMI TCP Connection(2)-127.0.0.1] INFO  c.z.h.HikariDataSource                             - HikariPool-1 - Shutdown initiated... 
2021-08-26 16:29:10,665 [RMI TCP Connection(2)-127.0.0.1] INFO  c.z.h.HikariDataSource                             - HikariPool-1 - Shutdown completed. 
